0 verbose cli /data/data/com.termux/files/usr/bin/node /data/data/com.termux/files/usr/bin/npm
1 info using npm@11.5.1
2 info using node@v24.7.0
3 silly config load:file:/data/data/com.termux/files/usr/lib/node_modules/npm/npmrc
4 silly config load:file:/data/data/com.termux/files/home/.npmrc
5 silly config load:file:/data/data/com.termux/files/usr/etc/npmrc
6 verbose title npm install better-sqlite3
7 verbose argv "install" "better-sqlite3"
8 verbose logfile logs-max:10 dir:/data/data/com.termux/files/home/.npm/_logs/2025-10-27T15_26_55_147Z-
9 verbose logfile /data/data/com.termux/files/home/.npm/_logs/2025-10-27T15_26_55_147Z-debug-0.log
10 silly logfile start cleaning logs, removing 1 files
11 silly packumentCache heap:1074003968 maxSize:268500992 maxEntrySize:134250496
12 silly logfile done cleaning log files
13 silly idealTree buildDeps
14 silly fetch manifest better-sqlite3@*
15 silly packumentCache full:https://registry.npmjs.org/better-sqlite3 cache-miss
16 verbose shrinkwrap failed to load node_modules/.package-lock.json out of date, updated: node_modules
17 http fetch GET 200 https://registry.npmjs.org/better-sqlite3 831ms (cache revalidated)
18 silly packumentCache full:https://registry.npmjs.org/better-sqlite3 set size:357995 disposed:false
19 silly placeDep ROOT better-sqlite3@12.4.1 OK for: top-bingo@1.0.0 want: *
20 silly fetch manifest bindings@^1.5.0
21 silly packumentCache full:https://registry.npmjs.org/bindings cache-miss
22 silly fetch manifest prebuild-install@^7.1.1
23 silly packumentCache full:https://registry.npmjs.org/prebuild-install cache-miss
24 http fetch GET 200 https://registry.npmjs.org/bindings 230ms (cache revalidated)
25 silly packumentCache full:https://registry.npmjs.org/bindings set size:31303 disposed:false
26 http fetch GET 200 https://registry.npmjs.org/prebuild-install 363ms (cache revalidated)
27 silly packumentCache full:https://registry.npmjs.org/prebuild-install set size:178807 disposed:false
28 silly placeDep ROOT bindings@1.5.0 OK for: better-sqlite3@12.4.1 want: ^1.5.0
29 silly placeDep ROOT prebuild-install@7.1.3 OK for: better-sqlite3@12.4.1 want: ^7.1.1
30 silly fetch manifest file-uri-to-path@1.0.0
31 silly packumentCache full:https://registry.npmjs.org/file-uri-to-path cache-miss
32 silly fetch manifest detect-libc@^2.0.0
33 silly packumentCache full:https://registry.npmjs.org/detect-libc cache-miss
34 silly fetch manifest expand-template@^2.0.3
35 silly packumentCache full:https://registry.npmjs.org/expand-template cache-miss
36 silly fetch manifest github-from-package@0.0.0
37 silly packumentCache full:https://registry.npmjs.org/github-from-package cache-miss
38 silly fetch manifest minimist@^1.2.3
39 silly packumentCache full:https://registry.npmjs.org/minimist cache-miss
40 silly fetch manifest mkdirp-classic@^0.5.3
41 silly packumentCache full:https://registry.npmjs.org/mkdirp-classic cache-miss
42 silly fetch manifest napi-build-utils@^2.0.0
43 silly packumentCache full:https://registry.npmjs.org/napi-build-utils cache-miss
44 http fetch GET 200 https://registry.npmjs.org/expand-template 333ms (cache revalidated)
45 silly packumentCache full:https://registry.npmjs.org/expand-template set size:23203 disposed:false
46 silly fetch manifest node-abi@^3.3.0
47 silly packumentCache full:https://registry.npmjs.org/node-abi cache-miss
48 http fetch GET 200 https://registry.npmjs.org/mkdirp-classic 380ms (cache revalidated)
49 silly packumentCache full:https://registry.npmjs.org/mkdirp-classic set size:5503 disposed:false
50 silly fetch manifest pump@^3.0.0
51 silly packumentCache full:https://registry.npmjs.org/pump cache-miss
52 http fetch GET 200 https://registry.npmjs.org/detect-libc 426ms (cache revalidated)
53 silly packumentCache full:https://registry.npmjs.org/detect-libc set size:47861 disposed:false
54 silly fetch manifest rc@^1.2.7
55 silly packumentCache full:https://registry.npmjs.org/rc cache-miss
56 http fetch GET 200 https://registry.npmjs.org/github-from-package 467ms (cache revalidated)
57 silly packumentCache full:https://registry.npmjs.org/github-from-package set size:3718 disposed:false
58 silly fetch manifest simple-get@^4.0.0
59 silly packumentCache full:https://registry.npmjs.org/simple-get cache-miss
60 http fetch GET 200 https://registry.npmjs.org/file-uri-to-path 523ms (cache revalidated)
61 silly packumentCache full:https://registry.npmjs.org/file-uri-to-path set size:10154 disposed:false
62 silly fetch manifest tar-fs@^2.0.0
63 silly packumentCache full:https://registry.npmjs.org/tar-fs cache-miss
64 http fetch GET 200 https://registry.npmjs.org/rc 135ms (cache revalidated)
65 silly packumentCache full:https://registry.npmjs.org/rc set size:70417 disposed:false
66 silly fetch manifest tunnel-agent@^0.6.0
67 silly packumentCache full:https://registry.npmjs.org/tunnel-agent cache-miss
68 http fetch GET 200 https://registry.npmjs.org/minimist 579ms (cache revalidated)
69 silly packumentCache full:https://registry.npmjs.org/minimist set size:77082 disposed:false
70 http fetch GET 200 https://registry.npmjs.org/napi-build-utils 581ms (cache revalidated)
71 silly packumentCache full:https://registry.npmjs.org/napi-build-utils set size:13501 disposed:false
72 http fetch GET 200 https://registry.npmjs.org/simple-get 132ms (cache revalidated)
73 silly packumentCache full:https://registry.npmjs.org/simple-get set size:90014 disposed:false
74 http fetch GET 200 https://registry.npmjs.org/node-abi 279ms (cache revalidated)
75 silly packumentCache full:https://registry.npmjs.org/node-abi set size:308766 disposed:false
76 http fetch GET 200 https://registry.npmjs.org/pump 252ms (cache revalidated)
77 silly packumentCache full:https://registry.npmjs.org/pump set size:39621 disposed:false
78 http fetch GET 200 https://registry.npmjs.org/tar-fs 179ms (cache revalidated)
79 silly packumentCache full:https://registry.npmjs.org/tar-fs set size:116372 disposed:false
80 http fetch GET 200 https://registry.npmjs.org/tunnel-agent 271ms (cache revalidated)
81 silly packumentCache full:https://registry.npmjs.org/tunnel-agent set size:12847 disposed:false
82 silly placeDep ROOT file-uri-to-path@1.0.0 OK for: bindings@1.5.0 want: 1.0.0
83 silly placeDep ROOT detect-libc@2.1.2 OK for: prebuild-install@7.1.3 want: ^2.0.0
84 silly placeDep ROOT expand-template@2.0.3 OK for: prebuild-install@7.1.3 want: ^2.0.3
85 silly placeDep ROOT github-from-package@0.0.0 OK for: prebuild-install@7.1.3 want: 0.0.0
86 silly placeDep ROOT minimist@1.2.8 OK for: prebuild-install@7.1.3 want: ^1.2.3
87 silly placeDep ROOT mkdirp-classic@0.5.3 OK for: prebuild-install@7.1.3 want: ^0.5.3
88 silly placeDep ROOT napi-build-utils@2.0.0 OK for: prebuild-install@7.1.3 want: ^2.0.0
89 silly placeDep ROOT node-abi@3.78.0 OK for: prebuild-install@7.1.3 want: ^3.3.0
90 silly placeDep ROOT pump@3.0.3 OK for: prebuild-install@7.1.3 want: ^3.0.0
91 silly placeDep ROOT rc@1.2.8 OK for: prebuild-install@7.1.3 want: ^1.2.7
92 silly placeDep ROOT simple-get@4.0.1 OK for: prebuild-install@7.1.3 want: ^4.0.0
93 silly placeDep ROOT tar-fs@2.1.4 OK for: prebuild-install@7.1.3 want: ^2.0.0
94 silly placeDep ROOT tunnel-agent@0.6.0 OK for: prebuild-install@7.1.3 want: ^0.6.0
95 silly fetch manifest end-of-stream@^1.1.0
96 silly packumentCache full:https://registry.npmjs.org/end-of-stream cache-miss
97 silly fetch manifest once@^1.3.1
98 silly packumentCache full:https://registry.npmjs.org/once cache-miss
99 silly fetch manifest ini@~1.3.0
100 silly packumentCache full:https://registry.npmjs.org/ini cache-miss
101 silly fetch manifest deep-extend@^0.6.0
102 silly packumentCache full:https://registry.npmjs.org/deep-extend cache-miss
103 silly fetch manifest strip-json-comments@~2.0.1
104 silly packumentCache full:https://registry.npmjs.org/strip-json-comments cache-miss
105 silly fetch manifest decompress-response@^6.0.0
106 silly packumentCache full:https://registry.npmjs.org/decompress-response cache-miss
107 silly fetch manifest once@^1.3.1
108 silly packumentCache full:https://registry.npmjs.org/once cache-miss
109 http fetch GET 200 https://registry.npmjs.org/deep-extend 133ms (cache revalidated)
110 silly packumentCache full:https://registry.npmjs.org/deep-extend set size:34472 disposed:false
111 silly fetch manifest simple-concat@^1.0.0
112 silly packumentCache full:https://registry.npmjs.org/simple-concat cache-miss
113 http fetch GET 200 https://registry.npmjs.org/decompress-response 143ms (cache revalidated)
114 silly packumentCache full:https://registry.npmjs.org/decompress-response set size:36213 disposed:false
115 silly fetch manifest chownr@^1.1.1
116 silly packumentCache full:https://registry.npmjs.org/chownr cache-miss
117 http fetch GET 200 https://registry.npmjs.org/once 225ms (cache revalidated)
118 silly packumentCache full:https://registry.npmjs.org/once set size:11768 disposed:false
119 silly fetch manifest tar-stream@^2.1.4
120 silly packumentCache full:https://registry.npmjs.org/tar-stream cache-miss
121 http fetch GET 200 https://registry.npmjs.org/once 241ms (cache revalidated)
122 silly packumentCache full:https://registry.npmjs.org/once set size:11768 disposed:false
123 silly packumentCache full:https://registry.npmjs.org/once dispose
124 http fetch GET 200 https://registry.npmjs.org/ini 245ms (cache revalidated)
125 silly packumentCache full:https://registry.npmjs.org/ini set size:57019 disposed:false
126 http fetch GET 200 https://registry.npmjs.org/strip-json-comments 281ms (cache revalidated)
127 silly packumentCache full:https://registry.npmjs.org/strip-json-comments set size:43569 disposed:false
128 http fetch GET 200 https://registry.npmjs.org/simple-concat 148ms (cache revalidated)
129 silly packumentCache full:https://registry.npmjs.org/simple-concat set size:6304 disposed:false
130 http fetch GET 200 https://registry.npmjs.org/end-of-stream 300ms (cache revalidated)
131 silly packumentCache full:https://registry.npmjs.org/end-of-stream set size:27842 disposed:false
132 http fetch GET 200 https://registry.npmjs.org/chownr 152ms (cache revalidated)
133 silly packumentCache full:https://registry.npmjs.org/chownr set size:22157 disposed:false
134 http fetch GET 200 https://registry.npmjs.org/tar-stream 172ms (cache revalidated)
135 silly packumentCache full:https://registry.npmjs.org/tar-stream set size:132352 disposed:false
136 silly placeDep ROOT end-of-stream@1.4.5 OK for: pump@3.0.3 want: ^1.1.0
137 silly placeDep ROOT once@1.4.0 OK for: pump@3.0.3 want: ^1.3.1
138 silly fetch manifest once@^1.4.0
139 silly packumentCache full:https://registry.npmjs.org/once cache-hit
140 silly fetch manifest wrappy@1
141 silly packumentCache full:https://registry.npmjs.org/wrappy cache-miss
142 http fetch GET 200 https://registry.npmjs.org/wrappy 218ms (cache revalidated)
143 silly packumentCache full:https://registry.npmjs.org/wrappy set size:7682 disposed:false
144 silly placeDep ROOT wrappy@1.0.2 OK for: once@1.4.0 want: 1
145 silly placeDep ROOT deep-extend@0.6.0 OK for: rc@1.2.8 want: ^0.6.0
146 silly placeDep ROOT ini@1.3.8 OK for: rc@1.2.8 want: ~1.3.0
147 silly placeDep ROOT strip-json-comments@2.0.1 OK for: rc@1.2.8 want: ~2.0.1
148 silly placeDep ROOT decompress-response@6.0.0 OK for: simple-get@4.0.1 want: ^6.0.0
149 silly placeDep ROOT simple-concat@1.0.1 OK for: simple-get@4.0.1 want: ^1.0.0
150 silly fetch manifest mimic-response@^3.1.0
151 silly packumentCache full:https://registry.npmjs.org/mimic-response cache-miss
152 http fetch GET 200 https://registry.npmjs.org/mimic-response 111ms (cache revalidated)
153 silly packumentCache full:https://registry.npmjs.org/mimic-response set size:20174 disposed:false
154 silly placeDep ROOT mimic-response@3.1.0 OK for: decompress-response@6.0.0 want: ^3.1.0
155 silly placeDep ROOT chownr@1.1.4 OK for: tar-fs@2.1.4 want: ^1.1.1
156 silly placeDep ROOT tar-stream@2.2.0 OK for: tar-fs@2.1.4 want: ^2.1.4
157 silly fetch manifest bl@^4.0.3
158 silly packumentCache full:https://registry.npmjs.org/bl cache-miss
159 silly fetch manifest fs-constants@^1.0.0
160 silly packumentCache full:https://registry.npmjs.org/fs-constants cache-miss
161 silly fetch manifest readable-stream@^3.1.1
162 silly packumentCache full:https://registry.npmjs.org/readable-stream cache-miss
163 http fetch GET 200 https://registry.npmjs.org/fs-constants 111ms (cache revalidated)
164 silly packumentCache full:https://registry.npmjs.org/fs-constants set size:3522 disposed:false
165 http fetch GET 200 https://registry.npmjs.org/bl 129ms (cache revalidated)
166 silly packumentCache full:https://registry.npmjs.org/bl set size:183142 disposed:false
167 http fetch GET 200 https://registry.npmjs.org/readable-stream 137ms (cache revalidated)
168 silly packumentCache full:https://registry.npmjs.org/readable-stream set size:261096 disposed:false
169 silly placeDep ROOT bl@4.1.0 OK for: tar-stream@2.2.0 want: ^4.0.3
170 silly placeDep ROOT fs-constants@1.0.0 OK for: tar-stream@2.2.0 want: ^1.0.0
171 silly placeDep ROOT readable-stream@3.6.2 OK for: tar-stream@2.2.0 want: ^3.1.1
172 silly fetch manifest buffer@^5.5.0
173 silly packumentCache full:https://registry.npmjs.org/buffer cache-miss
174 silly fetch manifest readable-stream@^3.4.0
175 silly packumentCache full:https://registry.npmjs.org/readable-stream cache-hit
176 silly fetch manifest string_decoder@^1.1.1
177 silly packumentCache full:https://registry.npmjs.org/string_decoder cache-miss
178 silly fetch manifest util-deprecate@^1.0.1
179 silly packumentCache full:https://registry.npmjs.org/util-deprecate cache-miss
180 http fetch GET 200 https://registry.npmjs.org/string_decoder 142ms (cache revalidated)
181 silly packumentCache full:https://registry.npmjs.org/string_decoder set size:28441 disposed:false
182 http fetch GET 200 https://registry.npmjs.org/util-deprecate 144ms (cache revalidated)
183 silly packumentCache full:https://registry.npmjs.org/util-deprecate set size:6674 disposed:false
184 http fetch GET 200 https://registry.npmjs.org/buffer 163ms (cache revalidated)
185 silly packumentCache full:https://registry.npmjs.org/buffer set size:280480 disposed:false
186 silly placeDep ROOT buffer@5.7.1 OK for: bl@4.1.0 want: ^5.5.0
187 silly fetch manifest base64-js@^1.3.1
188 silly packumentCache full:https://registry.npmjs.org/base64-js cache-miss
189 silly fetch manifest ieee754@^1.1.13
190 silly packumentCache full:https://registry.npmjs.org/ieee754 cache-miss
191 http fetch GET 200 https://registry.npmjs.org/base64-js 96ms (cache revalidated)
192 silly packumentCache full:https://registry.npmjs.org/base64-js set size:41270 disposed:false
193 http fetch GET 200 https://registry.npmjs.org/ieee754 118ms (cache revalidated)
194 silly packumentCache full:https://registry.npmjs.org/ieee754 set size:34910 disposed:false
195 silly placeDep ROOT base64-js@1.5.1 OK for: buffer@5.7.1 want: ^1.3.1
196 silly placeDep ROOT ieee754@1.2.1 OK for: buffer@5.7.1 want: ^1.1.13
197 silly placeDep ROOT string_decoder@1.3.0 OK for: readable-stream@3.6.2 want: ^1.1.1
198 silly placeDep ROOT util-deprecate@1.0.2 OK for: readable-stream@3.6.2 want: ^1.0.1
199 silly reify moves {}
200 silly audit bulk request {
200 silly audit   accepts: [ '1.3.8' ],
200 silly audit   anymatch: [ '3.1.3' ],
200 silly audit   'array-flatten': [ '1.1.1' ],
200 silly audit   'balanced-match': [ '1.0.2' ],
200 silly audit   'binary-extensions': [ '2.3.0' ],
200 silly audit   'body-parser': [ '1.20.3' ],
200 silly audit   'brace-expansion': [ '1.1.12' ],
200 silly audit   braces: [ '3.0.3' ],
200 silly audit   bytes: [ '3.1.2' ],
200 silly audit   'call-bind-apply-helpers': [ '1.0.2' ],
200 silly audit   'call-bound': [ '1.0.4' ],
200 silly audit   chokidar: [ '3.6.0' ],
200 silly audit   'concat-map': [ '0.0.1' ],
200 silly audit   'content-disposition': [ '0.5.4' ],
200 silly audit   'content-type': [ '1.0.5' ],
200 silly audit   cookie: [ '0.7.1' ],
200 silly audit   'cookie-signature': [ '1.0.6' ],
200 silly audit   debug: [ '2.6.9', '4.4.3' ],
200 silly audit   depd: [ '2.0.0' ],
200 silly audit   destroy: [ '1.2.0' ],
200 silly audit   'dom-serializer': [ '2.0.0' ],
200 silly audit   domelementtype: [ '2.3.0' ],
200 silly audit   domhandler: [ '5.0.3' ],
200 silly audit   domutils: [ '3.2.2' ],
200 silly audit   'dunder-proto': [ '1.0.1' ],
200 silly audit   'ee-first': [ '1.1.1' ],
200 silly audit   encodeurl: [ '2.0.0', '1.0.2' ],
200 silly audit   entities: [ '4.5.0' ],
200 silly audit   'es-define-property': [ '1.0.1' ],
200 silly audit   'es-errors': [ '1.3.0' ],
200 silly audit   'es-object-atoms': [ '1.1.1' ],
200 silly audit   'escape-html': [ '1.0.3' ],
200 silly audit   etag: [ '1.8.1' ],
200 silly audit   express: [ '4.21.2' ],
200 silly audit   'fill-range': [ '7.1.1' ],
200 silly audit   finalhandler: [ '1.3.1' ],
200 silly audit   forwarded: [ '0.2.0' ],
200 silly audit   fresh: [ '0.5.2' ],
200 silly audit   fsevents: [ '2.3.3' ],
200 silly audit   'function-bind': [ '1.1.2' ],
200 silly audit   'get-intrinsic': [ '1.3.0' ],
200 silly audit   'get-proto': [ '1.0.1' ],
200 silly audit   'glob-parent': [ '5.1.2' ],
200 silly audit   gopd: [ '1.2.0' ],
200 silly audit   'has-flag': [ '3.0.0' ],
200 silly audit   'has-symbols': [ '1.1.0' ],
200 silly audit   hasown: [ '2.0.2' ],
200 silly audit   htmlparser2: [ '9.1.0' ],
200 silly audit   'http-errors': [ '2.0.0' ],
200 silly audit   'iconv-lite': [ '0.4.24' ],
200 silly audit   'ignore-by-default': [ '1.0.1' ],
200 silly audit   inherits: [ '2.0.4' ],
200 silly audit   'ipaddr.js': [ '1.9.1' ],
200 silly audit   'is-binary-path': [ '2.1.0' ],
200 silly audit   'is-extglob': [ '2.1.1' ],
200 silly audit   'is-glob': [ '4.0.3' ],
200 silly audit   'is-number': [ '7.0.0' ],
200 silly audit   lowdb: [ '6.1.1' ],
200 silly audit   'math-intrinsics': [ '1.1.0' ],
200 silly audit   'media-typer': [ '0.3.0' ],
200 silly audit   'merge-descriptors': [ '1.0.3' ],
200 silly audit   methods: [ '1.1.2' ],
200 silly audit   mime: [ '1.6.0' ],
200 silly audit   'mime-db': [ '1.52.0' ],
200 silly audit   'mime-types': [ '2.1.35' ],
200 silly audit   minimatch: [ '3.1.2' ],
200 silly audit   ms: [ '2.0.0', '2.1.3' ],
200 silly audit   negotiator: [ '0.6.3' ],
200 silly audit   nodemon: [ '3.1.10' ],
200 silly audit   'normalize-path': [ '3.0.0' ],
200 silly audit   'object-inspect': [ '1.13.4' ],
200 silly audit   'on-finished': [ '2.4.1' ],
200 silly audit   parseurl: [ '1.3.3' ],
200 silly audit   'path-to-regexp': [ '0.1.12' ],
200 silly audit   picomatch: [ '2.3.1' ],
200 silly audit   'proxy-addr': [ '2.0.7' ],
200 silly audit   'pstree.remy': [ '1.1.8' ],
200 silly audit   qs: [ '6.13.0' ],
200 silly audit   'range-parser': [ '1.2.1' ],
200 silly audit   'raw-body': [ '2.5.2' ],
200 silly audit   readdirp: [ '3.6.0' ],
200 silly audit   'safe-buffer': [ '5.2.1' ],
200 silly audit   'safer-buffer': [ '2.1.2' ],
200 silly audit   semver: [ '7.7.2' ],
200 silly audit   send: [ '0.19.0' ],
200 silly audit   'serve-static': [ '1.16.2' ],
200 silly audit   setprototypeof: [ '1.2.0' ],
200 silly audit   'side-channel': [ '1.1.0' ],
200 silly audit   'side-channel-list': [ '1.0.0' ],
200 silly audit   'side-channel-map': [ '1.0.1' ],
200 silly audit   'side-channel-weakmap': [ '1.0.2' ],
200 silly audit   'simple-update-notifier': [ '2.0.0' ],
200 silly audit   statuses: [ '2.0.1' ],
200 silly audit   steno: [ '3.2.0' ],
200 silly audit   'supports-color': [ '5.5.0' ],
200 silly audit   'telebirr-receipt': [ '0.0.1' ],
200 silly audit   'to-regex-range': [ '5.0.1' ],
200 silly audit   toidentifier: [ '1.0.1' ],
200 silly audit   touch: [ '3.1.1' ],
200 silly audit   'type-is': [ '1.6.18' ],
200 silly audit   undefsafe: [ '2.0.5' ],
200 silly audit   unpipe: [ '1.0.0' ],
200 silly audit   'utils-merge': [ '1.0.1' ],
200 silly audit   uuid: [ '9.0.1' ],
200 silly audit   vary: [ '1.1.2' ],
200 silly audit   ws: [ '8.18.3' ],
200 silly audit   'better-sqlite3': [ '12.4.1' ],
200 silly audit   bindings: [ '1.5.0' ],
200 silly audit   'prebuild-install': [ '7.1.3' ],
200 silly audit   'file-uri-to-path': [ '1.0.0' ],
200 silly audit   'detect-libc': [ '2.1.2' ],
200 silly audit   'expand-template': [ '2.0.3' ],
200 silly audit   'github-from-package': [ '0.0.0' ],
200 silly audit   minimist: [ '1.2.8' ],
200 silly audit   'mkdirp-classic': [ '0.5.3' ],
200 silly audit   'napi-build-utils': [ '2.0.0' ],
200 silly audit   'node-abi': [ '3.78.0' ],
200 silly audit   pump: [ '3.0.3' ],
200 silly audit   rc: [ '1.2.8' ],
200 silly audit   'simple-get': [ '4.0.1' ],
200 silly audit   'tar-fs': [ '2.1.4' ],
200 silly audit   'tunnel-agent': [ '0.6.0' ],
200 silly audit   'end-of-stream': [ '1.4.5' ],
200 silly audit   once: [ '1.4.0' ],
200 silly audit   wrappy: [ '1.0.2' ],
200 silly audit   'deep-extend': [ '0.6.0' ],
200 silly audit   ini: [ '1.3.8' ],
200 silly audit   'strip-json-comments': [ '2.0.1' ],
200 silly audit   'decompress-response': [ '6.0.0' ],
200 silly audit   'simple-concat': [ '1.0.1' ],
200 silly audit   'mimic-response': [ '3.1.0' ],
200 silly audit   chownr: [ '1.1.4' ],
200 silly audit   'tar-stream': [ '2.2.0' ],
200 silly audit   bl: [ '4.1.0' ],
200 silly audit   'fs-constants': [ '1.0.0' ],
200 silly audit   'readable-stream': [ '3.6.2' ],
200 silly audit   buffer: [ '5.7.1' ],
200 silly audit   'base64-js': [ '1.5.1' ],
200 silly audit   ieee754: [ '1.2.1' ],
200 silly audit   string_decoder: [ '1.3.0' ],
200 silly audit   'util-deprecate': [ '1.0.2' ]
200 silly audit }
201 verbose reify failed optional dependency /data/data/com.termux/files/home/node_modules/fsevents
202 silly reify mark deleted [ '/data/data/com.termux/files/home/node_modules/fsevents' ]
203 http cache util-deprecate@https://registry.npmjs.org/util-deprecate/-/util-deprecate-1.0.2.tgz 0ms (cache hit)
204 http cache base64-js@https://registry.npmjs.org/base64-js/-/base64-js-1.5.1.tgz 0ms (cache hit)
205 http cache buffer@https://registry.npmjs.org/buffer/-/buffer-5.7.1.tgz 0ms (cache hit)
206 http cache readable-stream@https://registry.npmjs.org/readable-stream/-/readable-stream-3.6.2.tgz 0ms (cache hit)
207 http cache fs-constants@https://registry.npmjs.org/fs-constants/-/fs-constants-1.0.0.tgz 0ms (cache hit)
208 http cache bl@https://registry.npmjs.org/bl/-/bl-4.1.0.tgz 0ms (cache hit)
209 http cache ieee754@https://registry.npmjs.org/ieee754/-/ieee754-1.2.1.tgz 0ms (cache hit)
210 http cache tar-stream@https://registry.npmjs.org/tar-stream/-/tar-stream-2.2.0.tgz 0ms (cache hit)
211 http cache chownr@https://registry.npmjs.org/chownr/-/chownr-1.1.4.tgz 0ms (cache hit)
212 http cache mimic-response@https://registry.npmjs.org/mimic-response/-/mimic-response-3.1.0.tgz 0ms (cache hit)
213 http cache simple-concat@https://registry.npmjs.org/simple-concat/-/simple-concat-1.0.1.tgz 0ms (cache hit)
214 http cache decompress-response@https://registry.npmjs.org/decompress-response/-/decompress-response-6.0.0.tgz 0ms (cache hit)
215 http cache strip-json-comments@https://registry.npmjs.org/strip-json-comments/-/strip-json-comments-2.0.1.tgz 0ms (cache hit)
216 http cache ini@https://registry.npmjs.org/ini/-/ini-1.3.8.tgz 0ms (cache hit)
217 http cache deep-extend@https://registry.npmjs.org/deep-extend/-/deep-extend-0.6.0.tgz 0ms (cache hit)
218 http cache wrappy@https://registry.npmjs.org/wrappy/-/wrappy-1.0.2.tgz 0ms (cache hit)
219 http cache once@https://registry.npmjs.org/once/-/once-1.4.0.tgz 0ms (cache hit)
220 http cache end-of-stream@https://registry.npmjs.org/end-of-stream/-/end-of-stream-1.4.5.tgz 0ms (cache hit)
221 http cache tunnel-agent@https://registry.npmjs.org/tunnel-agent/-/tunnel-agent-0.6.0.tgz 0ms (cache hit)
222 http cache tar-fs@https://registry.npmjs.org/tar-fs/-/tar-fs-2.1.4.tgz 0ms (cache hit)
223 http cache simple-get@https://registry.npmjs.org/simple-get/-/simple-get-4.0.1.tgz 0ms (cache hit)
224 http cache rc@https://registry.npmjs.org/rc/-/rc-1.2.8.tgz 0ms (cache hit)
225 http cache pump@https://registry.npmjs.org/pump/-/pump-3.0.3.tgz 0ms (cache hit)
226 http cache node-abi@https://registry.npmjs.org/node-abi/-/node-abi-3.78.0.tgz 0ms (cache hit)
227 http cache napi-build-utils@https://registry.npmjs.org/napi-build-utils/-/napi-build-utils-2.0.0.tgz 0ms (cache hit)
228 http cache mkdirp-classic@https://registry.npmjs.org/mkdirp-classic/-/mkdirp-classic-0.5.3.tgz 0ms (cache hit)
229 http cache minimist@https://registry.npmjs.org/minimist/-/minimist-1.2.8.tgz 0ms (cache hit)
230 http cache github-from-package@https://registry.npmjs.org/github-from-package/-/github-from-package-0.0.0.tgz 0ms (cache hit)
231 http cache expand-template@https://registry.npmjs.org/expand-template/-/expand-template-2.0.3.tgz 0ms (cache hit)
232 http cache detect-libc@https://registry.npmjs.org/detect-libc/-/detect-libc-2.1.2.tgz 0ms (cache hit)
233 http cache file-uri-to-path@https://registry.npmjs.org/file-uri-to-path/-/file-uri-to-path-1.0.0.tgz 0ms (cache hit)
234 http cache prebuild-install@https://registry.npmjs.org/prebuild-install/-/prebuild-install-7.1.3.tgz 0ms (cache hit)
235 http cache better-sqlite3@https://registry.npmjs.org/better-sqlite3/-/better-sqlite3-12.4.1.tgz 0ms (cache hit)
236 http cache bindings@https://registry.npmjs.org/bindings/-/bindings-1.5.0.tgz 0ms (cache hit)
237 http cache string_decoder@https://registry.npmjs.org/string_decoder/-/string_decoder-1.3.0.tgz 0ms (cache hit)
238 http fetch POST 200 https://registry.npmjs.org/-/npm/v1/security/advisories/bulk 413ms
239 silly audit report {}
240 info run better-sqlite3@12.4.1 install node_modules/better-sqlite3 prebuild-install || node-gyp rebuild --release
241 info run better-sqlite3@12.4.1 install { code: 1, signal: null }
242 verbose stack Error: command failed
242 verbose stack     at promiseSpawn (/data/data/com.termux/files/usr/lib/node_modules/npm/node_modules/@npmcli/promise-spawn/lib/index.js:22:22)
242 verbose stack     at spawnWithShell (/data/data/com.termux/files/usr/lib/node_modules/npm/node_modules/@npmcli/promise-spawn/lib/index.js:124:10)
242 verbose stack     at promiseSpawn (/data/data/com.termux/files/usr/lib/node_modules/npm/node_modules/@npmcli/promise-spawn/lib/index.js:12:12)
242 verbose stack     at runScriptPkg (/data/data/com.termux/files/usr/lib/node_modules/npm/node_modules/@npmcli/run-script/lib/run-script-pkg.js:79:13)
242 verbose stack     at runScript (/data/data/com.termux/files/usr/lib/node_modules/npm/node_modules/@npmcli/run-script/lib/run-script.js:9:12)
242 verbose stack     at /data/data/com.termux/files/usr/lib/node_modules/npm/node_modules/@npmcli/arborist/lib/arborist/rebuild.js:331:17
242 verbose stack     at run (/data/data/com.termux/files/usr/lib/node_modules/npm/node_modules/promise-call-limit/dist/commonjs/index.js:67:22)
242 verbose stack     at /data/data/com.termux/files/usr/lib/node_modules/npm/node_modules/promise-call-limit/dist/commonjs/index.js:84:9
242 verbose stack     at new Promise (<anonymous>)
242 verbose stack     at callLimit (/data/data/com.termux/files/usr/lib/node_modules/npm/node_modules/promise-call-limit/dist/commonjs/index.js:35:69)
243 verbose pkgid better-sqlite3@12.4.1
244 error code 1
245 error path /data/data/com.termux/files/home/node_modules/better-sqlite3
246 error command failed
247 error command sh -c prebuild-install || node-gyp rebuild --release
248 silly unfinished npm timer reify 1761578818675
249 silly unfinished npm timer reify:build 1761578823435
250 silly unfinished npm timer build 1761578823436
251 silly unfinished npm timer build:deps 1761578823437
252 silly unfinished npm timer build:run:install 1761578823456
253 silly unfinished npm timer build:run:install:node_modules/better-sqlite3 1761578823457
254 verbose cwd /data/data/com.termux/files/home
255 verbose os Linux 4.9.148
256 verbose node v24.7.0
257 verbose npm  v11.5.1
258 verbose exit 1
259 verbose code 1
260 error A complete log of this run can be found in: /data/data/com.termux/files/home/.npm/_logs/2025-10-27T15_26_55_147Z-debug-0.log
